<!DOCTYPE html>
<html>
<head>
<meta http-equiv="Content-Type" content="text/html; charset=utf-8"/>
<meta http-equiv="x-ua-compatible" content="IE=edge"/>
<title>Test results - View 컨트롤러 - 게시글</title>
<link href="../css/base-style.css" rel="stylesheet" type="text/css"/>
<link href="../css/style.css" rel="stylesheet" type="text/css"/>
<script src="../js/report.js" type="text/javascript"></script>
</head>
<body>
<div id="content">
<h1>View 컨트롤러 - 게시글</h1>
<div class="breadcrumbs">
<a href="../index.html">all</a> &gt; 
<a href="../packages/com.fastcampus.projectboard.controller.html">com.fastcampus.projectboard.controller</a> &gt; ArticleControllerTest</div>
<div id="summary">
<table>
<tr>
<td>
<div class="summaryGroup">
<table>
<tr>
<td>
<div class="infoBox" id="tests">
<div class="counter">2</div>
<p>tests</p>
</div>
</td>
<td>
<div class="infoBox" id="failures">
<div class="counter">2</div>
<p>failures</p>
</div>
</td>
<td>
<div class="infoBox" id="ignored">
<div class="counter">0</div>
<p>ignored</p>
</div>
</td>
<td>
<div class="infoBox" id="duration">
<div class="counter">0.307s</div>
<p>duration</p>
</div>
</td>
</tr>
</table>
</div>
</td>
<td>
<div class="infoBox failures" id="successRate">
<div class="percent">0%</div>
<p>successful</p>
</div>
</td>
</tr>
</table>
</div>
<div id="tabs">
<ul class="tabLinks">
<li>
<a href="#tab0">Failed tests</a>
</li>
<li>
<a href="#tab1">Tests</a>
</li>
<li>
<a href="#tab2">Standard output</a>
</li>
</ul>
<div id="tab0" class="tab">
<h2>Failed tests</h2>
<div class="test">
<a name="givenAuthorizedUser_whenRequestingArticleView_thenReturnsArticleView()"></a>
<h3 class="failures">[view][GET] 게시글 페이지 - 정상 호출, 인증된 사용자</h3>
<span class="code">
<pre>java.lang.AssertionError: Model attribute 'searchTypeHashtag' expected:&lt;HASHTAG&gt; but was:&lt;null&gt;
	at org.springframework.test.util.AssertionErrors.fail(AssertionErrors.java:59)
	at org.springframework.test.util.AssertionErrors.assertEquals(AssertionErrors.java:122)
	at org.springframework.test.web.servlet.result.ModelResultMatchers.lambda$attribute$1(ModelResultMatchers.java:74)
	at org.springframework.test.web.servlet.MockMvc$1.andExpect(MockMvc.java:212)
	at com.fastcampus.projectboard.controller.ArticleControllerTest.givenAuthorizedUser_whenRequestingArticleView_thenReturnsArticleView(ArticleControllerTest.java:170)
	at java.base/jdk.internal.reflect.NativeMethodAccessorImpl.invoke0(Native Method)
	at java.base/jdk.internal.reflect.NativeMethodAccessorImpl.invoke(NativeMethodAccessorImpl.java:77)
	at java.base/jdk.internal.reflect.DelegatingMethodAccessorImpl.invoke(DelegatingMethodAccessorImpl.java:43)
	at java.base/java.lang.reflect.Method.invoke(Method.java:569)
	at org.junit.platform.commons.util.ReflectionUtils.invokeMethod(ReflectionUtils.java:725)
	at org.junit.jupiter.engine.execution.MethodInvocation.proceed(MethodInvocation.java:60)
	at org.junit.jupiter.engine.execution.InvocationInterceptorChain$ValidatingInvocation.proceed(InvocationInterceptorChain.java:131)
	at org.junit.jupiter.engine.extension.TimeoutExtension.intercept(TimeoutExtension.java:149)
	at org.junit.jupiter.engine.extension.TimeoutExtension.interceptTestableMethod(TimeoutExtension.java:140)
	at org.junit.jupiter.engine.extension.TimeoutExtension.interceptTestMethod(TimeoutExtension.java:84)
	at org.junit.jupiter.engine.execution.ExecutableInvoker$ReflectiveInterceptorCall.lambda$ofVoidMethod$0(ExecutableInvoker.java:115)
	at org.junit.jupiter.engine.execution.ExecutableInvoker.lambda$invoke$0(ExecutableInvoker.java:105)
	at org.junit.jupiter.engine.execution.InvocationInterceptorChain$InterceptedInvocation.proceed(InvocationInterceptorChain.java:106)
	at org.junit.jupiter.engine.execution.InvocationInterceptorChain.proceed(InvocationInterceptorChain.java:64)
	at org.junit.jupiter.engine.execution.InvocationInterceptorChain.chainAndInvoke(InvocationInterceptorChain.java:45)
	at org.junit.jupiter.engine.execution.InvocationInterceptorChain.invoke(InvocationInterceptorChain.java:37)
	at org.junit.jupiter.engine.execution.ExecutableInvoker.invoke(ExecutableInvoker.java:104)
	at org.junit.jupiter.engine.execution.ExecutableInvoker.invoke(ExecutableInvoker.java:98)
	at org.junit.jupiter.engine.descriptor.TestMethodTestDescriptor.lambda$invokeTestMethod$7(TestMethodTestDescriptor.java:214)
	at org.junit.platform.engine.support.hierarchical.ThrowableCollector.execute(ThrowableCollector.java:73)
	at org.junit.jupiter.engine.descriptor.TestMethodTestDescriptor.invokeTestMethod(TestMethodTestDescriptor.java:210)
	at org.junit.jupiter.engine.descriptor.TestMethodTestDescriptor.execute(TestMethodTestDescriptor.java:135)
	at org.junit.jupiter.engine.descriptor.TestMethodTestDescriptor.execute(TestMethodTestDescriptor.java:66)
	at org.junit.platform.engine.support.hierarchical.NodeTestTask.lambda$executeRecursively$6(NodeTestTask.java:151)
	at org.junit.platform.engine.support.hierarchical.ThrowableCollector.execute(ThrowableCollector.java:73)
	at org.junit.platform.engine.support.hierarchical.NodeTestTask.lambda$executeRecursively$8(NodeTestTask.java:141)
	at org.junit.platform.engine.support.hierarchical.Node.around(Node.java:137)
	at org.junit.platform.engine.support.hierarchical.NodeTestTask.lambda$executeRecursively$9(NodeTestTask.java:139)
	at org.junit.platform.engine.support.hierarchical.ThrowableCollector.execute(ThrowableCollector.java:73)
	at org.junit.platform.engine.support.hierarchical.NodeTestTask.executeRecursively(NodeTestTask.java:138)
	at org.junit.platform.engine.support.hierarchical.NodeTestTask.execute(NodeTestTask.java:95)
	at java.base/java.util.ArrayList.forEach(ArrayList.java:1511)
	at org.junit.platform.engine.support.hierarchical.SameThreadHierarchicalTestExecutorService.invokeAll(SameThreadHierarchicalTestExecutorService.java:41)
	at org.junit.platform.engine.support.hierarchical.NodeTestTask.lambda$executeRecursively$6(NodeTestTask.java:155)
	at org.junit.platform.engine.support.hierarchical.ThrowableCollector.execute(ThrowableCollector.java:73)
	at org.junit.platform.engine.support.hierarchical.NodeTestTask.lambda$executeRecursively$8(NodeTestTask.java:141)
	at org.junit.platform.engine.support.hierarchical.Node.around(Node.java:137)
	at org.junit.platform.engine.support.hierarchical.NodeTestTask.lambda$executeRecursively$9(NodeTestTask.java:139)
	at org.junit.platform.engine.support.hierarchical.ThrowableCollector.execute(ThrowableCollector.java:73)
	at org.junit.platform.engine.support.hierarchical.NodeTestTask.executeRecursively(NodeTestTask.java:138)
	at org.junit.platform.engine.support.hierarchical.NodeTestTask.execute(NodeTestTask.java:95)
	at java.base/java.util.ArrayList.forEach(ArrayList.java:1511)
	at org.junit.platform.engine.support.hierarchical.SameThreadHierarchicalTestExecutorService.invokeAll(SameThreadHierarchicalTestExecutorService.java:41)
	at org.junit.platform.engine.support.hierarchical.NodeTestTask.lambda$executeRecursively$6(NodeTestTask.java:155)
	at org.junit.platform.engine.support.hierarchical.ThrowableCollector.execute(ThrowableCollector.java:73)
	at org.junit.platform.engine.support.hierarchical.NodeTestTask.lambda$executeRecursively$8(NodeTestTask.java:141)
	at org.junit.platform.engine.support.hierarchical.Node.around(Node.java:137)
	at org.junit.platform.engine.support.hierarchical.NodeTestTask.lambda$executeRecursively$9(NodeTestTask.java:139)
	at org.junit.platform.engine.support.hierarchical.ThrowableCollector.execute(ThrowableCollector.java:73)
	at org.junit.platform.engine.support.hierarchical.NodeTestTask.executeRecursively(NodeTestTask.java:138)
	at org.junit.platform.engine.support.hierarchical.NodeTestTask.execute(NodeTestTask.java:95)
	at org.junit.platform.engine.support.hierarchical.SameThreadHierarchicalTestExecutorService.submit(SameThreadHierarchicalTestExecutorService.java:35)
	at org.junit.platform.engine.support.hierarchical.HierarchicalTestExecutor.execute(HierarchicalTestExecutor.java:57)
	at org.junit.platform.engine.support.hierarchical.HierarchicalTestEngine.execute(HierarchicalTestEngine.java:54)
	at org.junit.platform.launcher.core.EngineExecutionOrchestrator.execute(EngineExecutionOrchestrator.java:108)
	at org.junit.platform.launcher.core.EngineExecutionOrchestrator.execute(EngineExecutionOrchestrator.java:88)
	at org.junit.platform.launcher.core.EngineExecutionOrchestrator.lambda$execute$0(EngineExecutionOrchestrator.java:54)
	at org.junit.platform.launcher.core.EngineExecutionOrchestrator.withInterceptedStreams(EngineExecutionOrchestrator.java:67)
	at org.junit.platform.launcher.core.EngineExecutionOrchestrator.execute(EngineExecutionOrchestrator.java:52)
	at org.junit.platform.launcher.core.DefaultLauncher.execute(DefaultLauncher.java:96)
	at org.junit.platform.launcher.core.DefaultLauncher.execute(DefaultLauncher.java:75)
	at org.gradle.api.internal.tasks.testing.junitplatform.JUnitPlatformTestClassProcessor$CollectAllTestClassesExecutor.processAllTestClasses(JUnitPlatformTestClassProcessor.java:99)
	at org.gradle.api.internal.tasks.testing.junitplatform.JUnitPlatformTestClassProcessor$CollectAllTestClassesExecutor.access$000(JUnitPlatformTestClassProcessor.java:79)
	at org.gradle.api.internal.tasks.testing.junitplatform.JUnitPlatformTestClassProcessor.stop(JUnitPlatformTestClassProcessor.java:75)
	at org.gradle.api.internal.tasks.testing.SuiteTestClassProcessor.stop(SuiteTestClassProcessor.java:61)
	at java.base/jdk.internal.reflect.NativeMethodAccessorImpl.invoke0(Native Method)
	at java.base/jdk.internal.reflect.NativeMethodAccessorImpl.invoke(NativeMethodAccessorImpl.java:77)
	at java.base/jdk.internal.reflect.DelegatingMethodAccessorImpl.invoke(DelegatingMethodAccessorImpl.java:43)
	at java.base/java.lang.reflect.Method.invoke(Method.java:569)
	at org.gradle.internal.dispatch.ReflectionDispatch.dispatch(ReflectionDispatch.java:36)
	at org.gradle.internal.dispatch.ReflectionDispatch.dispatch(ReflectionDispatch.java:24)
	at org.gradle.internal.dispatch.ContextClassLoaderDispatch.dispatch(ContextClassLoaderDispatch.java:33)
	at org.gradle.internal.dispatch.ProxyDispatchAdapter$DispatchingInvocationHandler.invoke(ProxyDispatchAdapter.java:94)
	at jdk.proxy1/jdk.proxy1.$Proxy2.stop(Unknown Source)
	at org.gradle.api.internal.tasks.testing.worker.TestWorker$3.run(TestWorker.java:193)
	at org.gradle.api.internal.tasks.testing.worker.TestWorker.executeAndMaintainThreadName(TestWorker.java:129)
	at org.gradle.api.internal.tasks.testing.worker.TestWorker.execute(TestWorker.java:100)
	at org.gradle.api.internal.tasks.testing.worker.TestWorker.execute(TestWorker.java:60)
	at org.gradle.process.internal.worker.child.ActionExecutionWorker.execute(ActionExecutionWorker.java:56)
	at org.gradle.process.internal.worker.child.SystemApplicationClassLoaderWorker.call(SystemApplicationClassLoaderWorker.java:133)
	at org.gradle.process.internal.worker.child.SystemApplicationClassLoaderWorker.call(SystemApplicationClassLoaderWorker.java:71)
	at worker.org.gradle.process.internal.worker.GradleWorkerMain.run(GradleWorkerMain.java:69)
	at worker.org.gradle.process.internal.worker.GradleWorkerMain.main(GradleWorkerMain.java:74)
</pre>
</span>
</div>
<div class="test">
<a name="givenNothing_whenRequestingArticlesView_thenReturnsArticlesView()"></a>
<h3 class="failures">[view][GET] 게시글 리스트 (게시판) 페이지 - 정상 호출</h3>
<span class="code">
<pre>java.lang.AssertionError: Model attribute 'searchTypeHashtag' expected:&lt;HASHTAG&gt; but was:&lt;null&gt;
	at org.springframework.test.util.AssertionErrors.fail(AssertionErrors.java:59)
	at org.springframework.test.util.AssertionErrors.assertEquals(AssertionErrors.java:122)
	at org.springframework.test.web.servlet.result.ModelResultMatchers.lambda$attribute$1(ModelResultMatchers.java:74)
	at org.springframework.test.web.servlet.MockMvc$1.andExpect(MockMvc.java:212)
	at com.fastcampus.projectboard.controller.ArticleControllerTest.givenNothing_whenRequestingArticlesView_thenReturnsArticlesView(ArticleControllerTest.java:80)
	at java.base/jdk.internal.reflect.NativeMethodAccessorImpl.invoke0(Native Method)
	at java.base/jdk.internal.reflect.NativeMethodAccessorImpl.invoke(NativeMethodAccessorImpl.java:77)
	at java.base/jdk.internal.reflect.DelegatingMethodAccessorImpl.invoke(DelegatingMethodAccessorImpl.java:43)
	at java.base/java.lang.reflect.Method.invoke(Method.java:569)
	at org.junit.platform.commons.util.ReflectionUtils.invokeMethod(ReflectionUtils.java:725)
	at org.junit.jupiter.engine.execution.MethodInvocation.proceed(MethodInvocation.java:60)
	at org.junit.jupiter.engine.execution.InvocationInterceptorChain$ValidatingInvocation.proceed(InvocationInterceptorChain.java:131)
	at org.junit.jupiter.engine.extension.TimeoutExtension.intercept(TimeoutExtension.java:149)
	at org.junit.jupiter.engine.extension.TimeoutExtension.interceptTestableMethod(TimeoutExtension.java:140)
	at org.junit.jupiter.engine.extension.TimeoutExtension.interceptTestMethod(TimeoutExtension.java:84)
	at org.junit.jupiter.engine.execution.ExecutableInvoker$ReflectiveInterceptorCall.lambda$ofVoidMethod$0(ExecutableInvoker.java:115)
	at org.junit.jupiter.engine.execution.ExecutableInvoker.lambda$invoke$0(ExecutableInvoker.java:105)
	at org.junit.jupiter.engine.execution.InvocationInterceptorChain$InterceptedInvocation.proceed(InvocationInterceptorChain.java:106)
	at org.junit.jupiter.engine.execution.InvocationInterceptorChain.proceed(InvocationInterceptorChain.java:64)
	at org.junit.jupiter.engine.execution.InvocationInterceptorChain.chainAndInvoke(InvocationInterceptorChain.java:45)
	at org.junit.jupiter.engine.execution.InvocationInterceptorChain.invoke(InvocationInterceptorChain.java:37)
	at org.junit.jupiter.engine.execution.ExecutableInvoker.invoke(ExecutableInvoker.java:104)
	at org.junit.jupiter.engine.execution.ExecutableInvoker.invoke(ExecutableInvoker.java:98)
	at org.junit.jupiter.engine.descriptor.TestMethodTestDescriptor.lambda$invokeTestMethod$7(TestMethodTestDescriptor.java:214)
	at org.junit.platform.engine.support.hierarchical.ThrowableCollector.execute(ThrowableCollector.java:73)
	at org.junit.jupiter.engine.descriptor.TestMethodTestDescriptor.invokeTestMethod(TestMethodTestDescriptor.java:210)
	at org.junit.jupiter.engine.descriptor.TestMethodTestDescriptor.execute(TestMethodTestDescriptor.java:135)
	at org.junit.jupiter.engine.descriptor.TestMethodTestDescriptor.execute(TestMethodTestDescriptor.java:66)
	at org.junit.platform.engine.support.hierarchical.NodeTestTask.lambda$executeRecursively$6(NodeTestTask.java:151)
	at org.junit.platform.engine.support.hierarchical.ThrowableCollector.execute(ThrowableCollector.java:73)
	at org.junit.platform.engine.support.hierarchical.NodeTestTask.lambda$executeRecursively$8(NodeTestTask.java:141)
	at org.junit.platform.engine.support.hierarchical.Node.around(Node.java:137)
	at org.junit.platform.engine.support.hierarchical.NodeTestTask.lambda$executeRecursively$9(NodeTestTask.java:139)
	at org.junit.platform.engine.support.hierarchical.ThrowableCollector.execute(ThrowableCollector.java:73)
	at org.junit.platform.engine.support.hierarchical.NodeTestTask.executeRecursively(NodeTestTask.java:138)
	at org.junit.platform.engine.support.hierarchical.NodeTestTask.execute(NodeTestTask.java:95)
	at java.base/java.util.ArrayList.forEach(ArrayList.java:1511)
	at org.junit.platform.engine.support.hierarchical.SameThreadHierarchicalTestExecutorService.invokeAll(SameThreadHierarchicalTestExecutorService.java:41)
	at org.junit.platform.engine.support.hierarchical.NodeTestTask.lambda$executeRecursively$6(NodeTestTask.java:155)
	at org.junit.platform.engine.support.hierarchical.ThrowableCollector.execute(ThrowableCollector.java:73)
	at org.junit.platform.engine.support.hierarchical.NodeTestTask.lambda$executeRecursively$8(NodeTestTask.java:141)
	at org.junit.platform.engine.support.hierarchical.Node.around(Node.java:137)
	at org.junit.platform.engine.support.hierarchical.NodeTestTask.lambda$executeRecursively$9(NodeTestTask.java:139)
	at org.junit.platform.engine.support.hierarchical.ThrowableCollector.execute(ThrowableCollector.java:73)
	at org.junit.platform.engine.support.hierarchical.NodeTestTask.executeRecursively(NodeTestTask.java:138)
	at org.junit.platform.engine.support.hierarchical.NodeTestTask.execute(NodeTestTask.java:95)
	at java.base/java.util.ArrayList.forEach(ArrayList.java:1511)
	at org.junit.platform.engine.support.hierarchical.SameThreadHierarchicalTestExecutorService.invokeAll(SameThreadHierarchicalTestExecutorService.java:41)
	at org.junit.platform.engine.support.hierarchical.NodeTestTask.lambda$executeRecursively$6(NodeTestTask.java:155)
	at org.junit.platform.engine.support.hierarchical.ThrowableCollector.execute(ThrowableCollector.java:73)
	at org.junit.platform.engine.support.hierarchical.NodeTestTask.lambda$executeRecursively$8(NodeTestTask.java:141)
	at org.junit.platform.engine.support.hierarchical.Node.around(Node.java:137)
	at org.junit.platform.engine.support.hierarchical.NodeTestTask.lambda$executeRecursively$9(NodeTestTask.java:139)
	at org.junit.platform.engine.support.hierarchical.ThrowableCollector.execute(ThrowableCollector.java:73)
	at org.junit.platform.engine.support.hierarchical.NodeTestTask.executeRecursively(NodeTestTask.java:138)
	at org.junit.platform.engine.support.hierarchical.NodeTestTask.execute(NodeTestTask.java:95)
	at org.junit.platform.engine.support.hierarchical.SameThreadHierarchicalTestExecutorService.submit(SameThreadHierarchicalTestExecutorService.java:35)
	at org.junit.platform.engine.support.hierarchical.HierarchicalTestExecutor.execute(HierarchicalTestExecutor.java:57)
	at org.junit.platform.engine.support.hierarchical.HierarchicalTestEngine.execute(HierarchicalTestEngine.java:54)
	at org.junit.platform.launcher.core.EngineExecutionOrchestrator.execute(EngineExecutionOrchestrator.java:108)
	at org.junit.platform.launcher.core.EngineExecutionOrchestrator.execute(EngineExecutionOrchestrator.java:88)
	at org.junit.platform.launcher.core.EngineExecutionOrchestrator.lambda$execute$0(EngineExecutionOrchestrator.java:54)
	at org.junit.platform.launcher.core.EngineExecutionOrchestrator.withInterceptedStreams(EngineExecutionOrchestrator.java:67)
	at org.junit.platform.launcher.core.EngineExecutionOrchestrator.execute(EngineExecutionOrchestrator.java:52)
	at org.junit.platform.launcher.core.DefaultLauncher.execute(DefaultLauncher.java:96)
	at org.junit.platform.launcher.core.DefaultLauncher.execute(DefaultLauncher.java:75)
	at org.gradle.api.internal.tasks.testing.junitplatform.JUnitPlatformTestClassProcessor$CollectAllTestClassesExecutor.processAllTestClasses(JUnitPlatformTestClassProcessor.java:99)
	at org.gradle.api.internal.tasks.testing.junitplatform.JUnitPlatformTestClassProcessor$CollectAllTestClassesExecutor.access$000(JUnitPlatformTestClassProcessor.java:79)
	at org.gradle.api.internal.tasks.testing.junitplatform.JUnitPlatformTestClassProcessor.stop(JUnitPlatformTestClassProcessor.java:75)
	at org.gradle.api.internal.tasks.testing.SuiteTestClassProcessor.stop(SuiteTestClassProcessor.java:61)
	at java.base/jdk.internal.reflect.NativeMethodAccessorImpl.invoke0(Native Method)
	at java.base/jdk.internal.reflect.NativeMethodAccessorImpl.invoke(NativeMethodAccessorImpl.java:77)
	at java.base/jdk.internal.reflect.DelegatingMethodAccessorImpl.invoke(DelegatingMethodAccessorImpl.java:43)
	at java.base/java.lang.reflect.Method.invoke(Method.java:569)
	at org.gradle.internal.dispatch.ReflectionDispatch.dispatch(ReflectionDispatch.java:36)
	at org.gradle.internal.dispatch.ReflectionDispatch.dispatch(ReflectionDispatch.java:24)
	at org.gradle.internal.dispatch.ContextClassLoaderDispatch.dispatch(ContextClassLoaderDispatch.java:33)
	at org.gradle.internal.dispatch.ProxyDispatchAdapter$DispatchingInvocationHandler.invoke(ProxyDispatchAdapter.java:94)
	at jdk.proxy1/jdk.proxy1.$Proxy2.stop(Unknown Source)
	at org.gradle.api.internal.tasks.testing.worker.TestWorker$3.run(TestWorker.java:193)
	at org.gradle.api.internal.tasks.testing.worker.TestWorker.executeAndMaintainThreadName(TestWorker.java:129)
	at org.gradle.api.internal.tasks.testing.worker.TestWorker.execute(TestWorker.java:100)
	at org.gradle.api.internal.tasks.testing.worker.TestWorker.execute(TestWorker.java:60)
	at org.gradle.process.internal.worker.child.ActionExecutionWorker.execute(ActionExecutionWorker.java:56)
	at org.gradle.process.internal.worker.child.SystemApplicationClassLoaderWorker.call(SystemApplicationClassLoaderWorker.java:133)
	at org.gradle.process.internal.worker.child.SystemApplicationClassLoaderWorker.call(SystemApplicationClassLoaderWorker.java:71)
	at worker.org.gradle.process.internal.worker.GradleWorkerMain.run(GradleWorkerMain.java:69)
	at worker.org.gradle.process.internal.worker.GradleWorkerMain.main(GradleWorkerMain.java:74)
</pre>
</span>
</div>
</div>
<div id="tab1" class="tab">
<h2>Tests</h2>
<table>
<thead>
<tr>
<th>Test</th>
<th>Method name</th>
<th>Duration</th>
<th>Result</th>
</tr>
</thead>
<tr>
<td class="failures">[view][GET] 게시글 페이지 - 정상 호출, 인증된 사용자</td>
<td class="failures">givenAuthorizedUser_whenRequestingArticleView_thenReturnsArticleView()</td>
<td class="failures">0.269s</td>
<td class="failures">failed</td>
</tr>
<tr>
<td class="failures">[view][GET] 게시글 리스트 (게시판) 페이지 - 정상 호출</td>
<td class="failures">givenNothing_whenRequestingArticlesView_thenReturnsArticlesView()</td>
<td class="failures">0.038s</td>
<td class="failures">failed</td>
</tr>
</table>
</div>
<div id="tab2" class="tab">
<h2>Standard output</h2>
<span class="code">
<pre>16:12:46.277 [Test worker] DEBUG org.springframework.test.context.BootstrapUtils - Instantiating CacheAwareContextLoaderDelegate from class [org.springframework.test.context.cache.DefaultCacheAwareContextLoaderDelegate]
16:12:46.283 [Test worker] DEBUG org.springframework.test.context.BootstrapUtils - Instantiating BootstrapContext using constructor [public org.springframework.test.context.support.DefaultBootstrapContext(java.lang.Class,org.springframework.test.context.CacheAwareContextLoaderDelegate)]
16:12:46.312 [Test worker] DEBUG org.springframework.test.context.BootstrapUtils - Instantiating TestContextBootstrapper for test class [com.fastcampus.projectboard.controller.ArticleControllerTest] from class [org.springframework.boot.test.autoconfigure.web.servlet.WebMvcTestContextBootstrapper]
16:12:46.320 [Test worker] INFO org.springframework.boot.test.autoconfigure.web.servlet.WebMvcTestContextBootstrapper - Neither @ContextConfiguration nor @ContextHierarchy found for test class [com.fastcampus.projectboard.controller.ArticleControllerTest], using SpringBootContextLoader
16:12:46.323 [Test worker] DEBUG org.springframework.test.context.support.AbstractContextLoader - Did not detect default resource location for test class [com.fastcampus.projectboard.controller.ArticleControllerTest]: class path resource [com/fastcampus/projectboard/controller/ArticleControllerTest-context.xml] does not exist
16:12:46.323 [Test worker] DEBUG org.springframework.test.context.support.AbstractContextLoader - Did not detect default resource location for test class [com.fastcampus.projectboard.controller.ArticleControllerTest]: class path resource [com/fastcampus/projectboard/controller/ArticleControllerTestContext.groovy] does not exist
16:12:46.323 [Test worker] INFO org.springframework.test.context.support.AbstractContextLoader - Could not detect default resource locations for test class [com.fastcampus.projectboard.controller.ArticleControllerTest]: no resource found for suffixes {-context.xml, Context.groovy}.
16:12:46.324 [Test worker] INFO org.springframework.test.context.support.AnnotationConfigContextLoaderUtils - Could not detect default configuration classes for test class [com.fastcampus.projectboard.controller.ArticleControllerTest]: ArticleControllerTest does not declare any static, non-private, non-final, nested classes annotated with @Configuration.
16:12:46.377 [Test worker] DEBUG org.springframework.test.context.support.ActiveProfilesUtils - Could not find an 'annotation declaring class' for annotation type [org.springframework.test.context.ActiveProfiles] and class [com.fastcampus.projectboard.controller.ArticleControllerTest]
16:12:46.423 [Test worker] DEBUG org.springframework.context.annotation.ClassPathScanningCandidateComponentProvider - Identified candidate component class: file [/Users/jeongdong-gi/Desktop/board-practice2/build/classes/java/main/com/fastcampus/projectboard/FastCampusProjectBoardApplication.class]
16:12:46.424 [Test worker] INFO org.springframework.boot.test.context.SpringBootTestContextBootstrapper - Found @SpringBootConfiguration com.fastcampus.projectboard.FastCampusProjectBoardApplication for test class com.fastcampus.projectboard.controller.ArticleControllerTest
16:12:46.426 [Test worker] DEBUG org.springframework.boot.test.autoconfigure.web.servlet.WebMvcTestContextBootstrapper - @TestExecutionListeners is not present for class [com.fastcampus.projectboard.controller.ArticleControllerTest]: using defaults.
16:12:46.427 [Test worker] INFO org.springframework.boot.test.autoconfigure.web.servlet.WebMvcTestContextBootstrapper - Loaded default TestExecutionListener class names from location [META-INF/spring.factories]: [org.springframework.security.test.context.support.WithSecurityContextTestExecutionListener, org.springframework.security.test.context.support.ReactorContextTestExecutionListener, org.springframework.boot.test.autoconfigure.restdocs.RestDocsTestExecutionListener, org.springframework.boot.test.autoconfigure.web.client.MockRestServiceServerResetTestExecutionListener, org.springframework.boot.test.autoconfigure.web.servlet.MockMvcPrintOnlyOnFailureTestExecutionListener, org.springframework.boot.test.autoconfigure.web.servlet.WebDriverTestExecutionListener, org.springframework.boot.test.autoconfigure.webservices.client.MockWebServiceServerTestExecutionListener, org.springframework.boot.test.mock.mockito.MockitoTestExecutionListener, org.springframework.boot.test.mock.mockito.ResetMocksTestExecutionListener, org.springframework.test.context.web.ServletTestExecutionListener, org.springframework.test.context.support.DirtiesContextBeforeModesTestExecutionListener, org.springframework.test.context.event.ApplicationEventsTestExecutionListener, org.springframework.test.context.support.DependencyInjectionTestExecutionListener, org.springframework.test.context.support.DirtiesContextTestExecutionListener, org.springframework.test.context.transaction.TransactionalTestExecutionListener, org.springframework.test.context.jdbc.SqlScriptsTestExecutionListener, org.springframework.test.context.event.EventPublishingTestExecutionListener]
16:12:46.438 [Test worker] INFO org.springframework.boot.test.autoconfigure.web.servlet.WebMvcTestContextBootstrapper - Using TestExecutionListeners: [org.springframework.test.context.web.ServletTestExecutionListener@36546a22, org.springframework.test.context.support.DirtiesContextBeforeModesTestExecutionListener@285c08c8, org.springframework.test.context.event.ApplicationEventsTestExecutionListener@295eaa7c, org.springframework.boot.test.mock.mockito.MockitoTestExecutionListener@3918c187, org.springframework.boot.test.autoconfigure.SpringBootDependencyInjectionTestExecutionListener@2c88b9fc, org.springframework.test.context.support.DirtiesContextTestExecutionListener@64dafeed, org.springframework.test.context.transaction.TransactionalTestExecutionListener@388ba540, org.springframework.test.context.jdbc.SqlScriptsTestExecutionListener@47605f2f, org.springframework.security.test.context.support.WithSecurityContextTestExecutionListener@2ece4966, org.springframework.test.context.event.EventPublishingTestExecutionListener@1dd0e7c4, org.springframework.security.test.context.support.ReactorContextTestExecutionListener@7894f09b, org.springframework.boot.test.autoconfigure.restdocs.RestDocsTestExecutionListener@3d484181, org.springframework.boot.test.autoconfigure.web.client.MockRestServiceServerResetTestExecutionListener@6111ba37, org.springframework.boot.test.autoconfigure.web.servlet.MockMvcPrintOnlyOnFailureTestExecutionListener@7be58f16, org.springframework.boot.test.autoconfigure.web.servlet.WebDriverTestExecutionListener@242aa8d9, org.springframework.boot.test.autoconfigure.webservices.client.MockWebServiceServerTestExecutionListener@5b11a194, org.springframework.boot.test.mock.mockito.ResetMocksTestExecutionListener@37bd68c3]
16:12:46.441 [Test worker] DEBUG org.springframework.test.context.support.AbstractDirtiesContextTestExecutionListener - Before test class: context [DefaultTestContext@1e1d3956 testClass = ArticleControllerTest, testInstance = [null], testMethod = [null], testException = [null], mergedContextConfiguration = [WebMergedContextConfiguration@4f2c9ba6 testClass = ArticleControllerTest, locations = '{}', classes = '{class com.fastcampus.projectboard.FastCampusProjectBoardApplication}', contextInitializerClasses = '[]', activeProfiles = '{}', propertySourceLocations = '{}', propertySourceProperties = '{org.springframework.boot.test.autoconfigure.web.servlet.WebMvcTestContextBootstrapper=true}', contextCustomizers = set[org.springframework.boot.test.autoconfigure.OverrideAutoConfigurationContextCustomizerFactory$DisableAutoConfigurationContextCustomizer@8dbfffb, org.springframework.boot.test.autoconfigure.actuate.metrics.MetricsExportContextCustomizerFactory$DisableMetricExportContextCustomizer@59b38691, org.springframework.boot.test.autoconfigure.filter.TypeExcludeFiltersContextCustomizer@15ab802c, org.springframework.boot.test.autoconfigure.properties.PropertyMappingContextCustomizer@34f58024, org.springframework.boot.test.autoconfigure.web.servlet.WebDriverContextCustomizerFactory$Customizer@1b73be9f, [ImportsContextCustomizer@4e28bdd1 key = [com.fastcampus.projectboard.config.TestSecurityConfig, com.fastcampus.projectboard.util.FormDataEncoder, org.springframework.boot.autoconfigure.cache.CacheAutoConfiguration, org.springframework.boot.autoconfigure.context.MessageSourceAutoConfiguration, org.springframework.boot.autoconfigure.data.web.SpringDataWebAutoConfiguration, org.springframework.boot.autoconfigure.freemarker.FreeMarkerAutoConfiguration, org.springframework.boot.autoconfigure.groovy.template.GroovyTemplateAutoConfiguration, org.springframework.boot.autoconfigure.gson.GsonAutoConfiguration, org.springframework.boot.autoconfigure.hateoas.HypermediaAutoConfiguration, org.springframework.boot.autoconfigure.http.HttpMessageConvertersAutoConfiguration, org.springframework.boot.autoconfigure.jackson.JacksonAutoConfiguration, org.springframework.boot.autoconfigure.jsonb.JsonbAutoConfiguration, org.springframework.boot.autoconfigure.mustache.MustacheAutoConfiguration, org.springframework.boot.autoconfigure.task.TaskExecutionAutoConfiguration, org.springframework.boot.autoconfigure.thymeleaf.ThymeleafAutoConfiguration, org.springframework.boot.autoconfigure.validation.ValidationAutoConfiguration, org.springframework.boot.autoconfigure.web.servlet.error.ErrorMvcAutoConfiguration, org.springframework.boot.autoconfigure.web.servlet.HttpEncodingAutoConfiguration, org.springframework.boot.autoconfigure.web.servlet.WebMvcAutoConfiguration, org.springframework.boot.test.autoconfigure.web.servlet.MockMvcAutoConfiguration, org.springframework.boot.test.autoconfigure.web.servlet.MockMvcWebClientAutoConfiguration, org.springframework.boot.test.autoconfigure.web.servlet.MockMvcWebDriverAutoConfiguration, org.springframework.boot.autoconfigure.security.oauth2.client.servlet.OAuth2ClientAutoConfiguration, org.springframework.boot.autoconfigure.security.oauth2.resource.servlet.OAuth2ResourceServerAutoConfiguration, org.springframework.boot.autoconfigure.security.servlet.SecurityAutoConfiguration, org.springframework.boot.autoconfigure.security.servlet.SecurityFilterAutoConfiguration, org.springframework.boot.autoconfigure.security.servlet.UserDetailsServiceAutoConfiguration, org.springframework.boot.test.autoconfigure.web.servlet.MockMvcSecurityConfiguration, org.springframework.boot.test.autoconfigure.web.reactive.WebTestClientAutoConfiguration]], org.springframework.boot.test.context.filter.ExcludeFilterContextCustomizer@5911e990, org.springframework.boot.test.json.DuplicateJsonObjectContextCustomizerFactory$DuplicateJsonObjectContextCustomizer@24d09c1, org.springframework.boot.test.mock.mockito.MockitoContextCustomizer@2701e544, org.springframework.boot.test.context.SpringBootTestArgs@1, org.springframework.boot.test.context.SpringBootTestWebEnvironment@0], resourceBasePath = 'src/main/webapp', contextLoader = 'org.springframework.boot.test.context.SpringBootContextLoader', parent = [null]], attributes = map[[empty]]], class annotated with @DirtiesContext [false] with mode [null].

  .   ____          _            __ _ _
 /\\ / ___'_ __ _ _(_)_ __  __ _ \ \ \ \
( ( )\___ | '_ | '_| | '_ \/ _` | \ \ \ \
 \\/  ___)| |_)| | | | | || (_| |  ) ) ) )
  '  |____| .__|_| |_|_| |_\__, | / / / /
 =========|_|==============|___/=/_/_/_/
 :: Spring Boot ::                (v2.7.0)

2024-11-25 16:12:46.737  INFO 86071 --- [    Test worker] c.f.p.controller.ArticleControllerTest   : Starting ArticleControllerTest using Java 17.0.12 on jeongdong-giui-MacBookPro.local with PID 86071 (started by jeongdong-gi in /Users/jeongdong-gi/Desktop/board-practice2)
2024-11-25 16:12:46.738 DEBUG 86071 --- [    Test worker] c.f.p.controller.ArticleControllerTest   : Running with Spring Boot v2.7.0, Spring v5.3.20
2024-11-25 16:12:46.739  INFO 86071 --- [    Test worker] c.f.p.controller.ArticleControllerTest   : No active profile set, falling back to 1 default profile: &quot;default&quot;
2024-11-25 16:12:47.986  INFO 86071 --- [    Test worker] o.s.b.a.w.s.WelcomePageHandlerMapping    : Adding welcome page template: index
2024-11-25 16:12:48.035 DEBUG 86071 --- [    Test worker] s.w.s.m.m.a.RequestMappingHandlerMapping : 10 mappings in 'requestMappingHandlerMapping'
2024-11-25 16:12:48.112 DEBUG 86071 --- [    Test worker] o.s.w.s.handler.SimpleUrlHandlerMapping  : Patterns [/webjars/**, /**] in 'resourceHandlerMapping'
2024-11-25 16:12:48.173  INFO 86071 --- [    Test worker] o.s.s.web.DefaultSecurityFilterChain     : Will secure any request with [org.springframework.security.web.session.DisableEncodeUrlFilter@79b63325, org.springframework.security.web.context.request.async.WebAsyncManagerIntegrationFilter@708769b7, org.springframework.security.web.context.SecurityContextPersistenceFilter@698f4aa, org.springframework.security.web.header.HeaderWriterFilter@7ed8b44, org.springframework.security.web.csrf.CsrfFilter@6ce2e079, org.springframework.security.web.authentication.logout.LogoutFilter@2513155a, org.springframework.security.web.authentication.UsernamePasswordAuthenticationFilter@2a4e939a, org.springframework.security.web.authentication.ui.DefaultLoginPageGeneratingFilter@7c421952, org.springframework.security.web.authentication.ui.DefaultLogoutPageGeneratingFilter@32e830a0, org.springframework.security.web.savedrequest.RequestCacheAwareFilter@6aa6c17, org.springframework.security.web.servletapi.SecurityContextHolderAwareRequestFilter@68a426c3, org.springframework.security.web.authentication.AnonymousAuthenticationFilter@135e49b2, org.springframework.security.web.session.SessionManagementFilter@995ad50, org.springframework.security.web.access.ExceptionTranslationFilter@134d7ffa, org.springframework.security.web.access.intercept.AuthorizationFilter@7fac18dc]
2024-11-25 16:12:48.244 DEBUG 86071 --- [    Test worker] s.w.s.m.m.a.RequestMappingHandlerAdapter : ControllerAdvice beans: 0 @ModelAttribute, 0 @InitBinder, 1 RequestBodyAdvice, 1 ResponseBodyAdvice
2024-11-25 16:12:48.273 DEBUG 86071 --- [    Test worker] .m.m.a.ExceptionHandlerExceptionResolver : ControllerAdvice beans: 0 @ExceptionHandler, 1 ResponseBodyAdvice
2024-11-25 16:12:48.431  INFO 86071 --- [    Test worker] o.s.b.t.m.w.SpringBootMockServletContext : Initializing Spring TestDispatcherServlet ''
2024-11-25 16:12:48.431  INFO 86071 --- [    Test worker] o.s.t.web.servlet.TestDispatcherServlet  : Initializing Servlet ''
2024-11-25 16:12:48.432  INFO 86071 --- [    Test worker] o.s.t.web.servlet.TestDispatcherServlet  : Completed initialization in 1 ms
2024-11-25 16:12:48.453  INFO 86071 --- [    Test worker] c.f.p.controller.ArticleControllerTest   : Started ArticleControllerTest in 1.981 seconds (JVM running for 2.851)
2024-11-25 16:12:48.515 DEBUG 86071 --- [    Test worker] s.w.s.m.m.a.RequestMappingHandlerMapping : Mapped to com.fastcampus.projectboard.controller.ArticleController#article(Long, ModelMap)
2024-11-25 16:12:48.515 DEBUG 86071 --- [    Test worker] s.w.s.m.m.a.RequestMappingHandlerMapping : Mapped to com.fastcampus.projectboard.controller.ArticleController#article(Long, ModelMap)
2024-11-25 16:12:48.516 DEBUG 86071 --- [    Test worker] s.w.s.m.m.a.RequestMappingHandlerMapping : Mapped to com.fastcampus.projectboard.controller.ArticleController#article(Long, ModelMap)
2024-11-25 16:12:48.518 DEBUG 86071 --- [    Test worker] s.w.s.m.m.a.RequestMappingHandlerMapping : Mapped to com.fastcampus.projectboard.controller.ArticleController#article(Long, ModelMap)
2024-11-25 16:12:48.552 DEBUG 86071 --- [    Test worker] o.s.w.s.v.ContentNegotiatingViewResolver : Selected '*/*' given [*/*]

MockHttpServletRequest:
      HTTP Method = GET
      Request URI = /articles/1
       Parameters = {}
          Headers = []
             Body = null
    Session Attrs = {SPRING_SECURITY_CONTEXT=SecurityContextImpl [Authentication=UsernamePasswordAuthenticationToken [Principal=org.springframework.security.core.userdetails.User [Username=user, Password=[PROTECTED], Enabled=true, AccountNonExpired=true, credentialsNonExpired=true, AccountNonLocked=true, Granted Authorities=[ROLE_USER]], Credentials=[PROTECTED], Authenticated=true, Details=null, Granted Authorities=[ROLE_USER]]]}

Handler:
             Type = com.fastcampus.projectboard.controller.ArticleController
           Method = com.fastcampus.projectboard.controller.ArticleController#article(Long, ModelMap)

Async:
    Async started = false
     Async result = null

Resolved Exception:
             Type = null

ModelAndView:
        View name = articles/detail
             View = null
        Attribute = article
            value = ArticleWithCommentsResponse[id=1, title=title, content=content, hashtags=[java], createdAt=2024-11-25T16:12:48.494931, email=uno@mail.com, nickname=Uno, userId=uno, articleCommentsResponse=[]]
           errors = []
        Attribute = articleComments
            value = []
        Attribute = totalCount
            value = 1

FlashMap:
       Attributes = null

MockHttpServletResponse:
           Status = 200
    Error message = null
          Headers = [Content-Language:&quot;en&quot;, Content-Type:&quot;text/html;charset=UTF-8&quot;, X-Content-Type-Options:&quot;nosniff&quot;, X-XSS-Protection:&quot;1; mode=block&quot;, Cache-Control:&quot;no-cache, no-store, max-age=0, must-revalidate&quot;, Pragma:&quot;no-cache&quot;, Expires:&quot;0&quot;, X-Frame-Options:&quot;DENY&quot;]
     Content type = text/html;charset=UTF-8
             Body = &lt;!DOCTYPE html&gt;
&lt;html lang=&quot;ko&quot;&gt;
&lt;head&gt;
  &lt;meta charset=&quot;UTF-8&quot;&gt;
  &lt;meta name=&quot;viewport&quot; content=&quot;width=device-width, initial-scale=1&quot;&gt;
  &lt;meta name=&quot;description&quot; content=&quot;&quot;&gt;
  &lt;meta name=&quot;author&quot; content=&quot;Uno Kim&quot;&gt;
  &lt;title&gt;게시글 페이지&lt;/title&gt;

  &lt;link href=&quot;https://cdn.jsdelivr.net/npm/bootstrap@5.2.0-beta1/dist/css/bootstrap.min.css&quot; rel=&quot;stylesheet&quot; integrity=&quot;sha384-0evHe/X+R7YkIZDRvuzKMRqM+OrBnVFBL6DOitfPri4tjfHxaWutUpFmBp4vmVor&quot; crossorigin=&quot;anonymous&quot;&gt;
  &lt;link href=&quot;/css/articles/article-content.css&quot; rel=&quot;stylesheet&quot;&gt;
&lt;/head&gt;

&lt;body&gt;

  &lt;header id=&quot;header&quot;&gt;
    헤더 삽입부
    &lt;hr&gt;
  &lt;/header&gt;

  &lt;main id=&quot;article-main&quot; class=&quot;container&quot;&gt;
    &lt;header id=&quot;article-header&quot; class=&quot;py-5 text-center&quot;&gt;
      &lt;h1&gt;첫번째 글&lt;/h1&gt;
    &lt;/header&gt;

    &lt;div class=&quot;row g-5&quot;&gt;
      &lt;section class=&quot;col-md-3 col-lg-4 order-md-last&quot;&gt;
        &lt;aside&gt;
          &lt;p&gt;&lt;span id=&quot;nickname&quot;&gt;Uno&lt;/span&gt;&lt;/p&gt;
          &lt;p&gt;&lt;a id=&quot;email&quot; href=&quot;mailto:djkehh@gmail.com&quot;&gt;uno@mail.com&lt;/a&gt;&lt;/p&gt;
          &lt;p&gt;&lt;time id=&quot;created-at&quot; datetime=&quot;2022-01-01T00:00:00&quot;&gt;2022-01-01&lt;/time&gt;&lt;/p&gt;
          &lt;p&gt;&lt;span id=&quot;hashtag&quot;&gt;#java&lt;/span&gt;&lt;/p&gt;
        &lt;/aside&gt;
      &lt;/section&gt;

      &lt;article id=&quot;article-content&quot; class=&quot;col-md-9 col-lg-8&quot;&gt;
        &lt;pre&gt;본문&lt;/pre&gt;
      &lt;/article&gt;
    &lt;/div&gt;

    &lt;div class=&quot;row g-5&quot; id=&quot;article-buttons&quot;&gt;
      &lt;form id=&quot;delete-article-form&quot;&gt;
        &lt;div class=&quot;pb-5 d-grid gap-2 d-md-block&quot;&gt;
          &lt;a class=&quot;btn btn-success me-md-2&quot; role=&quot;button&quot; id=&quot;update-article&quot;&gt;수정&lt;/a&gt;
          &lt;button class=&quot;btn btn-danger me-md-2&quot; type=&quot;submit&quot;&gt;삭제&lt;/button&gt;
        &lt;/div&gt;
      &lt;/form&gt;
    &lt;/div&gt;

    &lt;div class=&quot;row g-5&quot;&gt;
      &lt;section&gt;
        &lt;form class=&quot;row g-3&quot; id=&quot;comment-form&quot;&gt;
          &lt;input type=&quot;hidden&quot; class=&quot;article-id&quot;&gt;
          &lt;div class=&quot;col-md-9 col-lg-8&quot;&gt;
            &lt;label for=&quot;comment-textbox&quot; hidden&gt;댓글&lt;/label&gt;
            &lt;textarea class=&quot;form-control&quot; id=&quot;comment-textbox&quot; placeholder=&quot;댓글 쓰기..&quot; rows=&quot;3&quot; required&gt;&lt;/textarea&gt;
          &lt;/div&gt;
          &lt;div class=&quot;col-md-3 col-lg-4&quot;&gt;
            &lt;label for=&quot;comment-submit&quot; hidden&gt;댓글 쓰기&lt;/label&gt;
            &lt;button class=&quot;btn btn-primary&quot; id=&quot;comment-submit&quot; type=&quot;submit&quot;&gt;쓰기&lt;/button&gt;
          &lt;/div&gt;
        &lt;/form&gt;

        &lt;ul id=&quot;article-comments&quot; class=&quot;row col-md-10 col-lg-8 pt-3&quot;&gt;
          &lt;li&gt;
            &lt;form class=&quot;comment-form&quot;&gt;
              &lt;input type=&quot;hidden&quot; class=&quot;article-id&quot;&gt;
              &lt;div class=&quot;row&quot;&gt;
                &lt;div class=&quot;col-md-10 col-lg-9&quot;&gt;
                  &lt;strong&gt;Uno&lt;/strong&gt;
                  &lt;small&gt;&lt;time&gt;2022-01-01&lt;/time&gt;&lt;/small&gt;
                  &lt;p&gt;
                    Lorem ipsum dolor sit amet, consectetur adipiscing elit.&lt;br&gt;
                    Lorem ipsum dolor sit amet
                  &lt;/p&gt;
                &lt;/div&gt;
                &lt;div class=&quot;col-2 mb-3 align-self-center&quot;&gt;
                  &lt;button type=&quot;submit&quot; class=&quot;btn btn-outline-danger&quot; id=&quot;delete-comment-button&quot;&gt;삭제&lt;/button&gt;
                &lt;/div&gt;
              &lt;/div&gt;
            &lt;/form&gt;
          &lt;/li&gt;
          &lt;li&gt;
            &lt;div class=&quot;row&quot;&gt;
              &lt;div class=&quot;col-md-10 col-lg-9&quot;&gt;
                &lt;strong&gt;Uno2&lt;/strong&gt;
                &lt;small&gt;&lt;time&gt;2022-01-01&lt;/time&gt;&lt;/small&gt;
                &lt;p&gt;
                  Lorem ipsum dolor sit amet, consectetur adipiscing elit.&lt;br&gt;
                  Lorem ipsum dolor sit amet
                &lt;/p&gt;
              &lt;/div&gt;
              &lt;div class=&quot;col-2 mb-3&quot;&gt;
                &lt;button type=&quot;submit&quot; class=&quot;btn btn-outline-danger&quot; hidden&gt;삭제&lt;/button&gt;
              &lt;/div&gt;
            &lt;/div&gt;
          &lt;/li&gt;
        &lt;/ul&gt;

      &lt;/section&gt;
    &lt;/div&gt;

    &lt;div class=&quot;row g-5&quot;&gt;
      &lt;nav id=&quot;pagination&quot; aria-label=&quot;Page navigation&quot;&gt;
        &lt;ul class=&quot;pagination&quot;&gt;
          &lt;li class=&quot;page-item&quot;&gt;
            &lt;a class=&quot;page-link&quot; href=&quot;#&quot; aria-label=&quot;Previous&quot;&gt;
              &lt;span aria-hidden=&quot;true&quot;&gt;&amp;laquo; prev&lt;/span&gt;
            &lt;/a&gt;
          &lt;/li&gt;
          &lt;li class=&quot;page-item&quot;&gt;
            &lt;a class=&quot;page-link&quot; href=&quot;#&quot; aria-label=&quot;Next&quot;&gt;
              &lt;span aria-hidden=&quot;true&quot;&gt;next &amp;raquo;&lt;/span&gt;
            &lt;/a&gt;
          &lt;/li&gt;
        &lt;/ul&gt;
      &lt;/nav&gt;
    &lt;/div&gt;
  &lt;/main&gt;

  &lt;footer id=&quot;footer&quot;&gt;
    &lt;hr&gt;
    푸터 삽입부
  &lt;/footer&gt;

  &lt;script src=&quot;https://cdn.jsdelivr.net/npm/bootstrap@5.2.0-beta1/dist/js/bootstrap.bundle.min.js&quot; integrity=&quot;sha384-pprn3073KE6tl6bjs2QrFaJGz5/SUsLqktiwsUTF55Jfv3qYSDhgCecCxMW52nD2&quot; crossorigin=&quot;anonymous&quot;&gt;&lt;/script&gt;
&lt;/body&gt;
&lt;/html&gt;

    Forwarded URL = null
   Redirected URL = null
          Cookies = []
2024-11-25 16:12:48.750 DEBUG 86071 --- [    Test worker] s.w.s.m.m.a.RequestMappingHandlerMapping : Mapped to com.fastcampus.projectboard.controller.ArticleController#articles(SearchType, String, Pageable, ModelMap)
2024-11-25 16:12:48.750 DEBUG 86071 --- [    Test worker] s.w.s.m.m.a.RequestMappingHandlerMapping : Mapped to com.fastcampus.projectboard.controller.ArticleController#articles(SearchType, String, Pageable, ModelMap)
2024-11-25 16:12:48.751 DEBUG 86071 --- [    Test worker] s.w.s.m.m.a.RequestMappingHandlerMapping : Mapped to com.fastcampus.projectboard.controller.ArticleController#articles(SearchType, String, Pageable, ModelMap)
2024-11-25 16:12:48.762 DEBUG 86071 --- [    Test worker] o.s.w.s.v.ContentNegotiatingViewResolver : Selected '*/*' given [*/*]

MockHttpServletRequest:
      HTTP Method = GET
      Request URI = /articles
       Parameters = {}
          Headers = []
             Body = null
    Session Attrs = {}

Handler:
             Type = com.fastcampus.projectboard.controller.ArticleController
           Method = com.fastcampus.projectboard.controller.ArticleController#articles(SearchType, String, Pageable, ModelMap)

Async:
    Async started = false
     Async result = null

Resolved Exception:
             Type = null

ModelAndView:
        View name = articles/index
             View = null
        Attribute = articles
            value = Page 1 of 1 containing UNKNOWN instances
           errors = []
        Attribute = paginationBarNumbers
            value = [0, 1, 2, 3, 4]
        Attribute = searchTypes
            value = [TITLE, CONTENT, ID, NICKNAME, HASHTAG]

FlashMap:
       Attributes = null

MockHttpServletResponse:
           Status = 200
    Error message = null
          Headers = [Content-Language:&quot;en&quot;, Content-Type:&quot;text/html;charset=UTF-8&quot;, X-Content-Type-Options:&quot;nosniff&quot;, X-XSS-Protection:&quot;1; mode=block&quot;, Cache-Control:&quot;no-cache, no-store, max-age=0, must-revalidate&quot;, Pragma:&quot;no-cache&quot;, Expires:&quot;0&quot;, X-Frame-Options:&quot;DENY&quot;]
     Content type = text/html;charset=UTF-8
             Body = &lt;!DOCTYPE html&gt;
&lt;html lang=&quot;ko&quot;&gt;
&lt;head&gt;
  &lt;meta charset=&quot;UTF-8&quot;&gt;
  &lt;meta name=&quot;viewport&quot; content=&quot;width=device-width, initial-scale=1&quot;&gt;
  &lt;meta name=&quot;description&quot; content=&quot;&quot;&gt;
  &lt;meta name=&quot;author&quot; content=&quot;Uno Kim&quot;&gt;
  &lt;title&gt;게시판 페이지&lt;/title&gt;

  &lt;link href=&quot;https://cdn.jsdelivr.net/npm/bootstrap@5.2.0-beta1/dist/css/bootstrap.min.css&quot; rel=&quot;stylesheet&quot; integrity=&quot;sha384-0evHe/X+R7YkIZDRvuzKMRqM+OrBnVFBL6DOitfPri4tjfHxaWutUpFmBp4vmVor&quot; crossorigin=&quot;anonymous&quot;&gt;
  &lt;link href=&quot;/css/search-bar.css&quot; rel=&quot;stylesheet&quot;&gt;
  &lt;link href=&quot;/css/articles/table-header.css&quot; rel=&quot;stylesheet&quot;&gt;
&lt;/head&gt;

&lt;body&gt;
  &lt;header id=&quot;header&quot;&gt;
    헤더 삽입부
    &lt;hr&gt;
  &lt;/header&gt;

  &lt;main class=&quot;container&quot;&gt;

    &lt;div class=&quot;row&quot;&gt;
      &lt;div class=&quot;card card-margin search-form&quot;&gt;
        &lt;div class=&quot;card-body p-0&quot;&gt;
          &lt;form id=&quot;search-form&quot;&gt;
            &lt;div class=&quot;row&quot;&gt;
              &lt;div class=&quot;col-12&quot;&gt;
                &lt;div class=&quot;row no-gutters&quot;&gt;
                  &lt;div class=&quot;col-lg-3 col-md-3 col-sm-12 p-0&quot;&gt;
                    &lt;label for=&quot;search-type&quot; hidden&gt;검색 유형&lt;/label&gt;
                    &lt;select class=&quot;form-control&quot; id=&quot;search-type&quot; name=&quot;searchType&quot;&gt;
                      &lt;option&gt;제목&lt;/option&gt;
                      &lt;option&gt;본문&lt;/option&gt;
                      &lt;option&gt;id&lt;/option&gt;
                      &lt;option&gt;닉네임&lt;/option&gt;
                      &lt;option&gt;해시태그&lt;/option&gt;
                    &lt;/select&gt;
                  &lt;/div&gt;
                  &lt;div class=&quot;col-lg-8 col-md-6 col-sm-12 p-0&quot;&gt;
                    &lt;label for=&quot;search-value&quot; hidden&gt;검색어&lt;/label&gt;
                    &lt;input type=&quot;text&quot; placeholder=&quot;검색어...&quot; class=&quot;form-control&quot; id=&quot;search-value&quot; name=&quot;searchValue&quot;&gt;
                  &lt;/div&gt;
                  &lt;div class=&quot;col-lg-1 col-md-3 col-sm-12 p-0&quot;&gt;
                    &lt;button type=&quot;submit&quot; class=&quot;btn btn-base&quot;&gt;
                      &lt;svg xmlns=&quot;http://www.w3.org/2000/svg&quot; width=&quot;24&quot; height=&quot;24&quot; viewBox=&quot;0 0 24 24&quot; fill=&quot;none&quot; stroke=&quot;currentColor&quot; stroke-width=&quot;2&quot; stroke-linecap=&quot;round&quot; stroke-linejoin=&quot;round&quot; class=&quot;feather feather-search&quot;&gt;
                        &lt;circle cx=&quot;11&quot; cy=&quot;11&quot; r=&quot;8&quot;&gt;&lt;/circle&gt;
                        &lt;line x1=&quot;21&quot; y1=&quot;21&quot; x2=&quot;16.65&quot; y2=&quot;16.65&quot;&gt;&lt;/line&gt;
                      &lt;/svg&gt;
                    &lt;/button&gt;
                  &lt;/div&gt;
                &lt;/div&gt;
              &lt;/div&gt;
            &lt;/div&gt;
          &lt;/form&gt;
        &lt;/div&gt;
      &lt;/div&gt;
    &lt;/div&gt;

    &lt;div class=&quot;row&quot;&gt;
      &lt;table class=&quot;table&quot; id=&quot;article-table&quot;&gt;
        &lt;thead&gt;
        &lt;tr&gt;
          &lt;th class=&quot;title col-6&quot;&gt;&lt;a&gt;제목&lt;/a&gt;&lt;/th&gt;
          &lt;th class=&quot;hashtag col-2&quot;&gt;&lt;a&gt;해시태그&lt;/a&gt;&lt;/th&gt;
          &lt;th class=&quot;user-id&quot;&gt;&lt;a&gt;작성자&lt;/a&gt;&lt;/th&gt;
          &lt;th class=&quot;created-at&quot;&gt;&lt;a&gt;작성일&lt;/a&gt;&lt;/th&gt;
        &lt;/tr&gt;
        &lt;/thead&gt;
        &lt;tbody&gt;
        &lt;tr&gt;
          &lt;td class=&quot;title&quot;&gt;&lt;a&gt;첫글&lt;/a&gt;&lt;/td&gt;
          &lt;td class=&quot;hashtag&quot;&gt;#java&lt;/td&gt;
          &lt;td class=&quot;user-id&quot;&gt;Uno&lt;/td&gt;
          &lt;td class=&quot;created-at&quot;&gt;&lt;time&gt;2022-01-01&lt;/time&gt;&lt;/td&gt;
        &lt;/tr&gt;
        &lt;tr&gt;
          &lt;td&gt;두번째글&lt;/td&gt;
          &lt;td&gt;#spring&lt;/td&gt;
          &lt;td&gt;Uno&lt;/td&gt;
          &lt;td&gt;&lt;time&gt;2022-01-02&lt;/time&gt;&lt;/td&gt;
        &lt;/tr&gt;
        &lt;tr&gt;
          &lt;td&gt;세번째글&lt;/td&gt;
          &lt;td&gt;#java&lt;/td&gt;
          &lt;td&gt;Uno&lt;/td&gt;
          &lt;td&gt;&lt;time&gt;2022-01-03&lt;/time&gt;&lt;/td&gt;
        &lt;/tr&gt;
        &lt;/tbody&gt;
      &lt;/table&gt;
    &lt;/div&gt;

    &lt;div class=&quot;row&quot;&gt;
      &lt;div class=&quot;d-grid gap-2 d-md-flex justify-content-md-end&quot;&gt;
          &lt;a class=&quot;btn btn-primary me-md-2&quot; role=&quot;button&quot; id=&quot;write-article&quot;&gt;글쓰기&lt;/a&gt;
      &lt;/div&gt;
    &lt;/div&gt;

    &lt;div class=&quot;row&quot;&gt;
      &lt;nav id=&quot;pagination&quot; aria-label=&quot;Page navigation&quot;&gt;
        &lt;ul class=&quot;pagination justify-content-center&quot;&gt;
          &lt;li class=&quot;page-item&quot;&gt;&lt;a class=&quot;page-link&quot; href=&quot;#&quot;&gt;Previous&lt;/a&gt;&lt;/li&gt;
          &lt;li class=&quot;page-item&quot;&gt;&lt;a class=&quot;page-link&quot; href=&quot;#&quot;&gt;1&lt;/a&gt;&lt;/li&gt;
          &lt;li class=&quot;page-item&quot;&gt;&lt;a class=&quot;page-link&quot; href=&quot;#&quot;&gt;Next&lt;/a&gt;&lt;/li&gt;
        &lt;/ul&gt;
      &lt;/nav&gt;
    &lt;/div&gt;
  &lt;/main&gt;

  &lt;footer id=&quot;footer&quot;&gt;
    &lt;hr&gt;
    푸터 삽입부
  &lt;/footer&gt;

  &lt;script src=&quot;https://cdn.jsdelivr.net/npm/bootstrap@5.2.0-beta1/dist/js/bootstrap.bundle.min.js&quot; integrity=&quot;sha384-pprn3073KE6tl6bjs2QrFaJGz5/SUsLqktiwsUTF55Jfv3qYSDhgCecCxMW52nD2&quot; crossorigin=&quot;anonymous&quot;&gt;&lt;/script&gt;
&lt;/body&gt;
&lt;/html&gt;

    Forwarded URL = null
   Redirected URL = null
          Cookies = []
</pre>
</span>
</div>
</div>
<div id="footer">
<p>
<div>
<label class="hidden" id="label-for-line-wrapping-toggle" for="line-wrapping-toggle">Wrap lines
<input id="line-wrapping-toggle" type="checkbox" autocomplete="off"/>
</label>
</div>Generated by 
<a href="http://www.gradle.org">Gradle 7.4.1</a> at 2024. 11. 25. 오후 4:12:49</p>
</div>
</div>
</body>
</html>
